20:03:56  
20:03:56  
20:03:56    ***********************************************
20:03:56    *                 ===========                 *
20:03:56    *                  CARAT 2.0                  *
20:03:56    *                 ===========                 *
20:03:56    *                                             *
20:03:56    *                 SERIAL CODE!                *
20:03:56    *                                             *
20:03:56    *                Version 0.1.0                *
20:03:56    *                                             *
20:03:56    *  Computer Aided Research and Analysis Tool  *
20:03:56    *          (object-oriented version)          *
20:03:56    *        Chair of Structural Analysis,        *
20:03:56    *   Prof. Dr. K.-U. Bletzinger, TU Muenchen   *
20:03:56    ***********************************************
20:03:56  
20:03:56  
20:03:56 Used logging system: RLOG
20:03:56 
20:03:56 This is a RELEASE version of Carat
20:03:56 
20:03:56 --------------------------------------
20:03:56  ... starting Preprocessing
20:03:56 --------------------------------------
20:03:56  
20:03:56 Reading input file: D:/OneDrive/SeSuzuki/21._ EPFL/2._ Code/5._ Grasshopper/AssymptoticLines/Tut_NonLinear_Arch.txt
20:03:56  
20:03:56 Input file path detected: D:/OneDrive/SeSuzuki/21._ EPFL/2._ Code/5._ Grasshopper/AssymptoticLines
